<?xml version="1.0" encoding="UTF-8"?>
<!-- Generated by org.testng.reporters.JUnitReportReporter -->
<testsuite skipped="0" hostname="DESKTOP-QMBPULJ" name="ListenerDemo.B" tests="1" failures="0" timestamp="15 七月 2017 04:09:00 GMT" time="15.313" errors="0">
  <testcase name="test2" time="15.313" classname="ListenerDemo.B"/>
</testsuite> <!-- ListenerDemo.B -->
