<?xml version="1.0" encoding="UTF-8"?>
<!-- Generated by org.testng.reporters.JUnitReportReporter -->
<testsuite skipped="0" hostname="DESKTOP-QMBPULJ" name="com.wordpress.Pages.LoginScript" tests="1" failures="0" timestamp="15 七月 2017 10:43:18 GMT" time="4.485" errors="0">
  <testcase name="loginToApplication" time="4.485" classname="com.wordpress.Pages.LoginScript"/>
</testsuite> <!-- com.wordpress.Pages.LoginScript -->
