<?xml version="1.0" encoding="UTF-8"?>
<!-- Generated by org.testng.reporters.JUnitReportReporter -->
<testsuite skipped="0" hostname="DESKTOP-QMBPULJ" name="ListenerDemo.A" tests="1" failures="0" timestamp="15 七月 2017 04:09:00 GMT" time="17.310" errors="0">
  <testcase name="test1" time="17.310" classname="ListenerDemo.A"/>
</testsuite> <!-- ListenerDemo.A -->
