<?xml version="1.0" encoding="UTF-8"?>
<!-- Generated by org.testng.reporters.JUnitReportReporter -->
<testsuite skipped="0" hostname="DESKTOP-QMBPULJ" name="AdvanceReports.VerifySeleniumTitle" tests="1" failures="0" timestamp="15 七月 2017 11:28:24 GMT" time="4.306" errors="0">
  <testcase name="verfyTitle" time="4.306" classname="AdvanceReports.VerifySeleniumTitle"/>
</testsuite> <!-- AdvanceReports.VerifySeleniumTitle -->
