<?xml version="1.0" encoding="UTF-8"?>
<!-- Generated by org.testng.reporters.JUnitReportReporter -->
<testsuite skipped="0" hostname="DESKTOP-QMBPULJ" name="com.wordpress.Testcases.VerfyValidLogin" tests="1" failures="0" timestamp="16 七月 2017 16:17:58 GMT" time="6.975" errors="0">
  <testcase name="checkValidUser" time="6.975" classname="com.wordpress.Testcases.VerfyValidLogin"/>
</testsuite> <!-- com.wordpress.Testcases.VerfyValidLogin -->
