<?xml version="1.0" encoding="UTF-8"?>
<!-- Generated by org.testng.reporters.JUnitReportReporter -->
<testsuite skipped="0" hostname="DESKTOP-QMBPULJ" name="ListenerDemo.MyFirstTestCase" tests="2" failures="0" timestamp="15 七月 2017 04:01:43 GMT" time="27.508" errors="0">
  <testcase name="GoogleTitleVerify" time="15.101" classname="ListenerDemo.MyFirstTestCase"/>
  <testcase name="TitleMatch" time="12.407" classname="ListenerDemo.MyFirstTestCase"/>
</testsuite> <!-- ListenerDemo.MyFirstTestCase -->
