<?xml version="1.0" encoding="UTF-8"?>
<!-- Generated by org.testng.reporters.JUnitReportReporter -->
<testsuite skipped="0" hostname="DESKTOP-QMBPULJ" name="DDT.TestSeleniumChrome" tests="1" failures="0" timestamp="15 七月 2017 10:16:11 GMT" time="3.502" errors="0">
  <testcase name="testChrome" time="3.502" classname="DDT.TestSeleniumChrome"/>
</testsuite> <!-- DDT.TestSeleniumChrome -->
