<?xml version="1.0" encoding="UTF-8"?>
<!-- Generated by org.testng.reporters.JUnitReportReporter -->
<testsuite skipped="0" hostname="DESKTOP-QMBPULJ" name="com.wordpress.Testcases.VerifyWordPressLogin" tests="1" failures="0" timestamp="15 七月 2017 05:20:09 GMT" time="8.223" errors="0">
  <testcase name="verifyValidLogin" time="8.223" classname="com.wordpress.Testcases.VerifyWordPressLogin"/>
</testsuite> <!-- com.wordpress.Testcases.VerifyWordPressLogin -->
