<?xml version="1.0" encoding="UTF-8"?>
<!-- Generated by org.testng.reporters.JUnitReportReporter -->
<testsuite skipped="0" hostname="DESKTOP-QMBPULJ" name="TestNGClasses.TestCase2" tests="1" failures="0" timestamp="15 七月 2017 02:38:38 GMT" time="0.001" errors="0">
  <testcase name="testTw" time="0.001" classname="TestNGClasses.TestCase2"/>
</testsuite> <!-- TestNGClasses.TestCase2 -->
