<?xml version="1.0" encoding="UTF-8"?>
<!-- Generated by org.testng.reporters.JUnitReportReporter -->
<testsuite skipped="0" hostname="DESKTOP-QMBPULJ" name="DDT.WordPressLoginExcel" tests="4" failures="0" timestamp="17 七月 2017 06:06:51 GMT" time="0.013" errors="0">
  <testcase name="loginToWordpress" time="0.008" classname="DDT.WordPressLoginExcel"/>
  <testcase name="loginToWordpress" time="0.003" classname="DDT.WordPressLoginExcel"/>
  <testcase name="loginToWordpress" time="0.001" classname="DDT.WordPressLoginExcel"/>
  <testcase name="loginToWordpress" time="0.001" classname="DDT.WordPressLoginExcel"/>
</testsuite> <!-- DDT.WordPressLoginExcel -->
