<?xml version="1.0" encoding="UTF-8"?>
<!-- Generated by org.testng.reporters.JUnitReportReporter -->
<testsuite skipped="0" hostname="DESKTOP-QMBPULJ" name="ConfigurationDemo.TestSeleniumBlog" tests="1" failures="0" timestamp="15 七月 2017 10:05:38 GMT" time="0.010" errors="0">
  <testcase name="testConfig" time="0.010" classname="ConfigurationDemo.TestSeleniumBlog"/>
</testsuite> <!-- ConfigurationDemo.TestSeleniumBlog -->
