<?xml version="1.0" encoding="UTF-8"?>
<!-- Generated by org.testng.reporters.JUnitReportReporter -->
<testsuite skipped="0" hostname="DESKTOP-QMBPULJ" name="DDT.WordPressLogin" tests="3" failures="0" timestamp="15 七月 2017 08:37:40 GMT" time="28.078" errors="0">
  <testcase name="loginToWordpress" time="9.279" classname="DDT.WordPressLogin"/>
  <testcase name="loginToWordpress" time="9.069" classname="DDT.WordPressLogin"/>
  <testcase name="loginToWordpress" time="9.730" classname="DDT.WordPressLogin"/>
</testsuite> <!-- DDT.WordPressLogin -->
