<?xml version="1.0" encoding="UTF-8"?>
<!-- Generated by org.testng.reporters.JUnitReportReporter -->
<testsuite skipped="0" hostname="DESKTOP-QMBPULJ" name="com.xxx.abc" tests="3" failures="0" timestamp="13 七月 2017 10:01:37 GMT" time="0.015" errors="0">
  <testcase name="prePaidRecharge" time="0.003" classname="com.xxx.abc"/>
  <testcase name="Advancedsearch" time="0.010" classname="com.xxx.abc"/>
  <testcase name="billPay" time="0.002" classname="com.xxx.abc"/>
</testsuite> <!-- com.xxx.abc -->
